<?xml version="1.0" encoding="UTF-8"?>
<!-- Generated by org.testng.reporters.JUnitReportReporter -->
<testsuite skipped="0" hostname="cgiselenium12" name="com.OrangeHRM.Scroll_Option2_Exampe" tests="1" failures="0" timestamp="2021-06-11T14:38:34 IST" time="14.371" errors="0">
  <testcase name="ByPage" time="14.371" classname="com.OrangeHRM.Scroll_Option2_Exampe"/>
  <system-out/>
</testsuite> <!-- com.OrangeHRM.Scroll_Option2_Exampe -->
