<?xml version="1.0" encoding="UTF-8"?>
<!-- Generated by org.testng.reporters.JUnitReportReporter -->
<testsuite skipped="0" hostname="cgiselenium12" name="com.OrangeHRM.Running_In_Mobile_Browser" tests="1" failures="0" timestamp="2021-06-10T20:33:34 IST" time="6.968" errors="0">
  <testcase name="SignOn" time="6.968" classname="com.OrangeHRM.Running_In_Mobile_Browser"/>
  <system-out/>
</testsuite> <!-- com.OrangeHRM.Running_In_Mobile_Browser -->
