<?xml version="1.0" encoding="UTF-8"?>
<!-- Generated by org.testng.reporters.JUnitReportReporter -->
<testsuite skipped="0" hostname="cgiselenium12" name="com.OrangeHRM.SSL_Certficate_Handle_Example" tests="1" failures="0" timestamp="2021-06-09T14:40:39 IST" time="3.399" errors="0">
  <testcase name="openApplication" time="3.399" classname="com.OrangeHRM.SSL_Certficate_Handle_Example"/>
  <system-out/>
</testsuite> <!-- com.OrangeHRM.SSL_Certficate_Handle_Example -->
