<?xml version="1.0" encoding="UTF-8"?>
<!-- Generated by org.testng.reporters.JUnitReportReporter -->
<testsuite skipped="0" hostname="cgiselenium12" name="com.OrangeHRM.Capture_Screenshot_Example" tests="3" failures="0" timestamp="2021-06-10T15:44:06 IST" time="13.755" errors="0">
  <testcase name="LaunchBrowser" time="6.742" classname="com.OrangeHRM.Capture_Screenshot_Example"/>
  <system-out/>
  <testcase name="OrangeHRM_Login" time="3.880" classname="com.OrangeHRM.Capture_Screenshot_Example"/>
  <system-out/>
  <testcase name="OrangeHRM_Logout" time="3.133" classname="com.OrangeHRM.Capture_Screenshot_Example"/>
  <system-out/>
</testsuite> <!-- com.OrangeHRM.Capture_Screenshot_Example -->
