<?xml version="1.0" encoding="UTF-8"?>
<!-- Generated by org.testng.reporters.JUnitReportReporter -->
<testsuite skipped="0" hostname="cgiselenium12" name="com.OrangeHRM.HeadlessBrowser_Test" tests="1" failures="0" timestamp="2021-06-08T16:30:50 IST" time="2.067" errors="0">
  <testcase name="Headless" time="2.067" classname="com.OrangeHRM.HeadlessBrowser_Test"/>
  <system-out/>
</testsuite> <!-- com.OrangeHRM.HeadlessBrowser_Test -->
