<?xml version="1.0" encoding="UTF-8"?>
<!-- Generated by org.testng.reporters.JUnitReportReporter -->
<testsuite skipped="0" hostname="cgiselenium12" name="com.OrangeHRM.OrangeHRM_Delete_All_Users" tests="3" failures="0" timestamp="2021-06-09T13:59:16 IST" time="21.125" errors="0">
  <testcase name="Sign_On" time="4.683" classname="com.OrangeHRM.OrangeHRM_Delete_All_Users"/>
  <system-out/>
  <testcase name="AddUsers_Page" time="2.208" classname="com.OrangeHRM.OrangeHRM_Delete_All_Users"/>
  <system-out/>
  <testcase name="Delete_Employees" time="14.234" classname="com.OrangeHRM.OrangeHRM_Delete_All_Users"/>
  <system-out/>
</testsuite> <!-- com.OrangeHRM.OrangeHRM_Delete_All_Users -->
