<?xml version="1.0" encoding="UTF-8"?>
<!-- Generated by org.testng.reporters.JUnitReportReporter -->
<testsuite skipped="0" hostname="cgiselenium12" name="com.OrangeHRM.Test_Method_dependupon_Another_Method" tests="3" failures="0" timestamp="2021-06-09T16:16:14 IST" time="18.031" errors="0">
  <testcase name="VerifyAddedUser" time="11.500" classname="com.OrangeHRM.Test_Method_dependupon_Another_Method"/>
  <system-out/>
  <testcase name="AddUsers_Page" time="2.615" classname="com.OrangeHRM.Test_Method_dependupon_Another_Method"/>
  <system-out/>
  <testcase name="Sign_On" time="3.916" classname="com.OrangeHRM.Test_Method_dependupon_Another_Method"/>
  <system-out/>
</testsuite> <!-- com.OrangeHRM.Test_Method_dependupon_Another_Method -->
