<?xml version="1.0" encoding="UTF-8"?>
<!-- Generated by org.testng.reporters.JUnitReportReporter -->
<testsuite skipped="0" hostname="cgiselenium12" name="com.OrangeHRM.OrangeHRM_Login_All_Login_Senario" tests="5" failures="0" timestamp="2021-06-10T20:39:53 IST" time="10.391" errors="0">
  <testcase name="LoginAllCases" time="0.347" classname="com.OrangeHRM.OrangeHRM_Login_All_Login_Senario"/>
  <system-out/>
  <testcase name="LoginAllCases" time="0.585" classname="com.OrangeHRM.OrangeHRM_Login_All_Login_Senario"/>
  <system-out/>
  <testcase name="LoginAllCases" time="0.201" classname="com.OrangeHRM.OrangeHRM_Login_All_Login_Senario"/>
  <system-out/>
  <testcase name="LoginAllCases" time="1.238" classname="com.OrangeHRM.OrangeHRM_Login_All_Login_Senario"/>
  <system-out/>
  <testcase name="LoginAllCases" time="8.020" classname="com.OrangeHRM.OrangeHRM_Login_All_Login_Senario"/>
  <system-out/>
</testsuite> <!-- com.OrangeHRM.OrangeHRM_Login_All_Login_Senario -->
