<?xml version="1.0" encoding="UTF-8"?>
<!-- Generated by org.testng.reporters.JUnitReportReporter -->
<testsuite skipped="0" hostname="cgiselenium12" name="com.OrangeHRM.OrangeHRM_Delete_User_Added_In_Table" tests="3" failures="0" timestamp="2021-06-08T17:55:35 IST" time="26.241" errors="0">
  <testcase name="Sign_On" time="3.834" classname="com.OrangeHRM.OrangeHRM_Delete_User_Added_In_Table"/>
  <system-out/>
  <testcase name="AddUsers_Page" time="2.361" classname="com.OrangeHRM.OrangeHRM_Delete_User_Added_In_Table"/>
  <system-out/>
  <testcase name="VerifyAddedUser" time="20.046" classname="com.OrangeHRM.OrangeHRM_Delete_User_Added_In_Table"/>
  <system-out/>
</testsuite> <!-- com.OrangeHRM.OrangeHRM_Delete_User_Added_In_Table -->
