<?xml version="1.0" encoding="UTF-8"?>
<!-- Generated by org.testng.reporters.JUnitReportReporter -->
<testsuite skipped="0" hostname="cgiselenium12" name="com.OrangeHRM.Sause_Lab_Integration_Example" tests="1" failures="0" timestamp="2021-06-10T20:53:53 IST" time="34.109" errors="0">
  <testcase name="SauceLab_Example" time="34.109" classname="com.OrangeHRM.Sause_Lab_Integration_Example"/>
  <system-out/>
</testsuite> <!-- com.OrangeHRM.Sause_Lab_Integration_Example -->
