<?xml version="1.0" encoding="UTF-8"?>
<!-- Generated by org.testng.reporters.JUnitReportReporter -->
<testsuite skipped="0" hostname="cgiselenium12" name="com.OrangeHRM.OrangeHRM_Add_User_And_Verify_In_Table" tests="3" failures="0" timestamp="2021-06-08T21:30:10 IST" time="17.452" errors="0">
  <testcase name="Sign_On" time="3.801" classname="com.OrangeHRM.OrangeHRM_Add_User_And_Verify_In_Table"/>
  <system-out/>
  <testcase name="AddUsers_Page" time="2.095" classname="com.OrangeHRM.OrangeHRM_Add_User_And_Verify_In_Table"/>
  <system-out/>
  <testcase name="VerifyAddedUser" time="11.556" classname="com.OrangeHRM.OrangeHRM_Add_User_And_Verify_In_Table"/>
  <system-out/>
</testsuite> <!-- com.OrangeHRM.OrangeHRM_Add_User_And_Verify_In_Table -->
