<?xml version="1.0" encoding="UTF-8"?>
<!-- Generated by org.testng.reporters.JUnitReportReporter -->
<testsuite skipped="0" hostname="cgiselenium12" name="com.OrangeHRM.Extend_Report_Example" tests="2" failures="0" timestamp="2021-06-10T16:50:42 IST" time="15.421" errors="0">
  <testcase name="LaunchApplication" time="2.139" classname="com.OrangeHRM.Extend_Report_Example"/>
  <system-out/>
  <testcase name="Sign_On" time="13.282" classname="com.OrangeHRM.Extend_Report_Example"/>
  <system-out/>
</testsuite> <!-- com.OrangeHRM.Extend_Report_Example -->
